<?xml version='1.0' encoding='UTF-8'?>
<result>
  <suites>
    <suite>
      <file>/data/var/lib/jenkins/api-team/workspace/Wildfly/build/target/surefire-reports/TEST-org.sample.JenkinsServletTest.xml</file>
      <name>org.sample.JenkinsServletTest</name>
      <duration>32.982998</duration>
      <cases>
        <case>
          <duration>32.959</duration>
          <className>org.sample.JenkinsServletTest</className>
          <testName>testHelloJenkins</testName>
          <skipped>false</skipped>
          <failedSince>0</failedSince>
        </case>
        <case>
          <duration>0.024</duration>
          <className>org.sample.JenkinsServletTest</className>
          <testName>testHelloWorld</testName>
          <skipped>false</skipped>
          <failedSince>0</failedSince>
        </case>
      </cases>
    </suite>
  </suites>
  <duration>32.982998</duration>
  <keepLongStdio>false</keepLongStdio>
</result>